[2024-03-19 09:55:30] [info] Start Program:
Path:"C:\Users\vladb\OneDrive\Desktop\OOP\Laborator2-4\x64\Debug\Laborator2-4.exe"
Arguments:
Working directory: "C:\Users\vladb\OneDrive\Desktop\OOP\Laborator2-4\Laborator2-4\"
Modules: Selected: C:\Users\vladb\OneDrive\Desktop\OOP\Laborator2-4\x64\Debug\Laborator2-4.exe Excluded: 
Sources: Selected: C:\Users\vladb\OneDrive\Desktop\OOP\Laborator2-4\Laborator2-4 Excluded: 
Log Level: Normal
Cover Children: 0
Aggregate by file: 1
Continue after C++ exception: 0
Optimized build support: 0
Export: Binary C:\Users\vladb\AppData\Local\Temp\fkyxjlg1.uss 
Input coverage: 
Unified diff: 
Excluded line regular expressions: 
Substitute pdb source paths: 

[2024-03-19 09:55:30] [info] Module: C:\Users\vladb\OneDrive\Desktop\OOP\Laborator2-4\x64\Debug\Laborator2-4.exe is selected because it matches selected pattern: C:\Users\vladb\OneDrive\Desktop\OOP\Laborator2-4\x64\Debug\Laborator2-4.exe
[2024-03-19 09:55:30] [info] ----------------------------------------------------
[2024-03-19 09:55:30] [info] Coverage binary generated in file: C:\Users\vladb\AppData\Local\Temp\fkyxjlg1.uss
[2024-03-19 09:55:30] [info] ----------------------------------------------------
