[2024-05-14 08:31:25] [info] Start Program:
Path:"C:\Users\vladb\OneDrive\Desktop\OOP\Laboratoare\Lab8-9\x64\Debug\Lab8.exe"
Arguments:
Working directory: "C:\Users\vladb\OneDrive\Desktop\OOP\Laboratoare\Lab8-9\Lab8\"
Modules: Selected: C:\Users\vladb\OneDrive\Desktop\OOP\Laboratoare\Lab8-9\x64\Debug\Lab8.exe Excluded: 
Sources: Selected: C:\Users\vladb\OneDrive\Desktop\OOP\Laboratoare\Lab8-9\Lab8 Excluded: 
Log Level: Normal
Cover Children: 0
Aggregate by file: 1
Continue after C++ exception: 0
Optimized build support: 0
Export: Binary C:\Users\vladb\AppData\Local\Temp\3luk5413.spk 
Input coverage: 
Unified diff: 
Excluded line regular expressions: 
Substitute pdb source paths: 

[2024-05-14 08:31:25] [info] Module: C:\Users\vladb\OneDrive\Desktop\OOP\Laboratoare\Lab8-9\x64\Debug\Lab8.exe is selected because it matches selected pattern: C:\Users\vladb\OneDrive\Desktop\OOP\Laboratoare\Lab8-9\x64\Debug\Lab8.exe
[2024-05-14 08:31:25] [info] ----------------------------------------------------
[2024-05-14 08:31:25] [info] Coverage binary generated in file: C:\Users\vladb\AppData\Local\Temp\3luk5413.spk
[2024-05-14 08:31:25] [info] ----------------------------------------------------
