c:\users\vladb\onedrive\desktop\oop\laborator2-4\laborator2-4\x64\debug\vc143.pdb
c:\users\vladb\onedrive\desktop\oop\laborator2-4\laborator2-4\x64\debug\vc143.idb
c:\users\vladb\onedrive\desktop\oop\laborator2-4\laborator2-4\x64\debug\mylist.obj
c:\users\vladb\onedrive\desktop\oop\laborator2-4\laborator2-4\x64\debug\main.obj
c:\users\vladb\onedrive\desktop\oop\laborator2-4\laborator2-4\x64\debug\laborator2-4.res
c:\users\vladb\onedrive\desktop\oop\laborator2-4\laborator2-4\x64\debug\laborator2-4.ilk
c:\users\vladb\onedrive\desktop\oop\laborator2-4\laborator2-4\x64\debug\laborator2-4.obj
c:\users\vladb\onedrive\desktop\oop\laborator2-4\x64\debug\laborator2-4.pdb
c:\users\vladb\onedrive\desktop\oop\laborator2-4\laborator2-4\x64\debug\laborator2-4.tlog\cl.command.1.tlog
c:\users\vladb\onedrive\desktop\oop\laborator2-4\laborator2-4\x64\debug\laborator2-4.tlog\cl.items.tlog
c:\users\vladb\onedrive\desktop\oop\laborator2-4\laborator2-4\x64\debug\laborator2-4.tlog\cl.read.1.tlog
c:\users\vladb\onedrive\desktop\oop\laborator2-4\laborator2-4\x64\debug\laborator2-4.tlog\cl.write.1.tlog
c:\users\vladb\onedrive\desktop\oop\laborator2-4\laborator2-4\x64\debug\laborator2-4.tlog\link-cvtres.read.1.tlog
c:\users\vladb\onedrive\desktop\oop\laborator2-4\laborator2-4\x64\debug\laborator2-4.tlog\link-cvtres.write.1.tlog
c:\users\vladb\onedrive\desktop\oop\laborator2-4\laborator2-4\x64\debug\laborator2-4.tlog\link-rc.read.1.tlog
c:\users\vladb\onedrive\desktop\oop\laborator2-4\laborator2-4\x64\debug\laborator2-4.tlog\link-rc.write.1.tlog
c:\users\vladb\onedrive\desktop\oop\laborator2-4\laborator2-4\x64\debug\laborator2-4.tlog\link.20888-cvtres.read.1.tlog
c:\users\vladb\onedrive\desktop\oop\laborator2-4\laborator2-4\x64\debug\laborator2-4.tlog\link.20888-cvtres.write.1.tlog
c:\users\vladb\onedrive\desktop\oop\laborator2-4\laborator2-4\x64\debug\laborator2-4.tlog\link.20888-rc.read.1.tlog
c:\users\vladb\onedrive\desktop\oop\laborator2-4\laborator2-4\x64\debug\laborator2-4.tlog\link.20888-rc.write.1.tlog
c:\users\vladb\onedrive\desktop\oop\laborator2-4\laborator2-4\x64\debug\laborator2-4.tlog\link.20888.read.1.tlog
c:\users\vladb\onedrive\desktop\oop\laborator2-4\laborator2-4\x64\debug\laborator2-4.tlog\link.20888.read.2.tlog
c:\users\vladb\onedrive\desktop\oop\laborator2-4\laborator2-4\x64\debug\laborator2-4.tlog\link.20888.write.1.tlog
c:\users\vladb\onedrive\desktop\oop\laborator2-4\laborator2-4\x64\debug\laborator2-4.tlog\link.command.1.tlog
c:\users\vladb\onedrive\desktop\oop\laborator2-4\laborator2-4\x64\debug\laborator2-4.tlog\link.read.1.tlog
c:\users\vladb\onedrive\desktop\oop\laborator2-4\laborator2-4\x64\debug\laborator2-4.tlog\link.read.2.tlog
c:\users\vladb\onedrive\desktop\oop\laborator2-4\laborator2-4\x64\debug\laborator2-4.tlog\link.secondary.1.tlog
c:\users\vladb\onedrive\desktop\oop\laborator2-4\laborator2-4\x64\debug\laborator2-4.tlog\link.write.1.tlog
c:\users\vladb\onedrive\desktop\oop\laborator2-4\laborator2-4\x64\debug\laborator2-4.tlog\rc.command.1.tlog
c:\users\vladb\onedrive\desktop\oop\laborator2-4\laborator2-4\x64\debug\laborator2-4.tlog\rc.read.1.tlog
c:\users\vladb\onedrive\desktop\oop\laborator2-4\laborator2-4\x64\debug\laborator2-4.tlog\rc.write.1.tlog
