[2024-03-20 17:55:48] [info] Start Program:
Path:"C:\Users\Rares Ancuta\source\repos\ConsoleApplication1\x64\Debug\ConsoleApplication1.exe"
Arguments:
Working directory: "C:\Users\Rares Ancuta\source\repos\ConsoleApplication1\ConsoleApplication1\"
Modules: Selected: C:\Users\Rares Ancuta\source\repos\ConsoleApplication1\x64\Debug\ConsoleApplication1.exe Excluded: 
Sources: Selected: C:\Users\Rares Ancuta\source\repos\ConsoleApplication1\ConsoleApplication1 Excluded: 
Log Level: Normal
Cover Children: 0
Aggregate by file: 1
Continue after C++ exception: 0
Optimized build support: 0
Export: Binary C:\Users\Rares Ancuta\AppData\Local\Temp\wt2syhsq.x4k 
Input coverage: 
Unified diff: 
Excluded line regular expressions: 
Substitute pdb source paths: 

[2024-03-20 17:55:48] [info] Module: C:\Users\Rares Ancuta\source\repos\ConsoleApplication1\x64\Debug\ConsoleApplication1.exe is selected because it matches selected pattern: C:\Users\Rares Ancuta\source\repos\ConsoleApplication1\x64\Debug\ConsoleApplication1.exe
[2024-03-20 17:55:48] [info] ----------------------------------------------------
[2024-03-20 17:55:48] [info] Coverage binary generated in file: C:\Users\Rares Ancuta\AppData\Local\Temp\wt2syhsq.x4k
[2024-03-20 17:55:48] [info] ----------------------------------------------------
